<?xml version="1.0" encoding="UTF-8"?>
<testsuite xmlns:xsi="http://www.w3.org/2001/XMLSchema-instance" xsi:noNamespaceSchemaLocation="https://maven.apache.org/surefire/maven-surefire-plugin/xsd/surefire-test-report-3.0.xsd" version="3.0" name="cucumber.Options.TestRunner" time="11.499" tests="24" errors="0" skipped="0" failures="0">
  <properties>
[...]
</properties>
  <testcase name=" #1" classname="verify cities data for the chalet section" time="1.78"/>
  <testcase name=" #2" classname="verify cities data for the chalet section" time="0.389"/>
  <testcase name=" #3" classname="verify cities data for the chalet section" time="0.371"/>
  <testcase name=" #4" classname="verify cities data for the chalet section" time="0.305"/>
  <testcase name=" #5" classname="verify cities data for the chalet section" time="0.334"/>
  <testcase name=" #6" classname="verify cities data for the chalet section" time="0.307"/>
  <testcase name=" #7" classname="verify cities data for the chalet section" time="0.328"/>
  <testcase name=" #8" classname="verify cities data for the chalet section" time="0.381"/>
  <testcase name=" #9" classname="verify cities data for the chalet section" time="0.343"/>
  <testcase name=" #10" classname="verify cities data for the chalet section" time="0.348"/>
  <testcase name=" #11" classname="verify cities data for the chalet section" time="0.3"/>
  <testcase name=" #12" classname="verify cities data for the chalet section" time="0.312"/>
  <testcase name=" #13" classname="verify cities data for the chalet section" time="0.319"/>
  <testcase name=" #14" classname="verify cities data for the chalet section" time="0.275"/>
  <testcase name=" #15" classname="verify cities data for the chalet section" time="0.288"/>
  <testcase name=" #16" classname="verify cities data for the chalet section" time="0.29"/>
  <testcase name=" #17" classname="verify cities data for the chalet section" time="0.292"/>
  <testcase name=" #18" classname="verify cities data for the chalet section" time="0.286"/>
  <testcase name=" #19" classname="verify cities data for the chalet section" time="0.291"/>
  <testcase name="Search for Chalet #1" classname="Search Functionality" time="1.375"/>
  <testcase name="Search for Chalet #2" classname="Search Functionality" time="0.365"/>
  <testcase name="Search for Chalet #3" classname="Search Functionality" time="0.41"/>
  <testcase name="Search for Chalet #4" classname="Search Functionality" time="0.413"/>
  <testcase name="Search for Chalet #5" classname="Search Functionality" time="0.907"/>
</testsuite>